{"numTotalTestSuites":16,"numPassedTestSuites":9,"numFailedTestSuites":7,"numPendingTestSuites":0,"numTotalTests":39,"numPassedTests":38,"numFailedTests":1,"numPendingTests":0,"numTodoTests":0,"snapshot":{"added":0,"failure":false,"filesAdded":0,"filesRemoved":0,"filesRemovedList":[],"filesUnmatched":0,"filesUpdated":0,"matched":0,"total":0,"unchecked":0,"uncheckedKeysByFile":[],"unmatched":0,"updated":0,"didUpdate":false},"startTime":1785988667530,"success":false,"testResults":[{"assertionResults":[{"ancestorTitles":["ai.js core logic"],"fullName":"ai.js core logic window.getNearby should return all orgs if spatialGrid is not defined","status":"passed","title":"window.getNearby should return all orgs if spatialGrid is not defined","duration":6.505999999999858,"failureMessages":[],"meta":{},"tags":[]},{"ancestorTitles":["ai.js core logic"],"fullName":"ai.js core logic moveOrg should handle cyst movement (gravity)","status":"passed","title":"moveOrg should handle cyst movement (gravity)","duration":4.277800000000298,"failureMessages":[],"meta":{},"tags":[]},{"ancestorTitles":["ai.js core logic"],"fullName":"ai.js core logic moveOrg should process non-player entities without crash","status":"passed","title":"moveOrg should process non-player entities without crash","duration":3.5506000000000313,"failureMessages":[],"meta":{},"tags":[]},{"ancestorTitles":["ai.js core logic"],"fullName":"ai.js core logic aiOrg should hunt prey if hungry and food is nearby","status":"passed","title":"aiOrg should hunt prey if hungry and food is nearby","duration":1.777299999999741,"failureMessages":[],"meta":{},"tags":[]},{"ancestorTitles":["ai.js core logic"],"fullName":"ai.js core logic aiOrg should flee from predators","status":"passed","title":"aiOrg should flee from predators","duration":1.2961999999997715,"failureMessages":[],"meta":{},"tags":[]},{"ancestorTitles":["ai.js core logic"],"fullName":"ai.js core logic aiOrg handles danger pheromones without crash","status":"passed","title":"aiOrg handles danger pheromones without crash","duration":1.780500000000302,"failureMessages":[],"meta":{},"tags":[]},{"ancestorTitles":["ai.js core logic"],"fullName":"ai.js core logic runAndTumble produces movement over time","status":"passed","title":"runAndTumble produces movement over time","duration":1.5471999999999753,"failureMessages":[],"meta":{},"tags":[]},{"ancestorTitles":["ai.js core logic"],"fullName":"ai.js core logic ensureFacing updates facing angle","status":"passed","title":"ensureFacing updates facing angle","duration":1.1502999999997883,"failureMessages":[],"meta":{},"tags":[]}],"startTime":1785988670419,"endTime":1785988670441.1504,"status":"passed","message":"","name":"C:/Obsidian/New/Projects/08-iGraSpore_V2/.04-Src/07-QA-and-Testing/vitest/ai.test.js"},{"assertionResults":[{"ancestorTitles":["biology.js core logic"],"fullName":"biology.js core logic spawnOrg should create an organism and add it to orgs","status":"passed","title":"spawnOrg should create an organism and add it to orgs","duration":6.966899999999896,"failureMessages":[],"meta":{},"tags":[]},{"ancestorTitles":["biology.js core logic"],"fullName":"biology.js core logic doDivide should set dividing state if requirements met","status":"passed","title":"doDivide should set dividing state if requirements met","duration":3.5300999999999476,"failureMessages":[],"meta":{},"tags":[]},{"ancestorTitles":["biology.js core logic"],"fullName":"biology.js core logic finishDivide should create child and split energy","status":"passed","title":"finishDivide should create child and split energy","duration":2.848700000000008,"failureMessages":[],"meta":{},"tags":[]},{"ancestorTitles":["biology.js core logic"],"fullName":"biology.js core logic eatOrg should transfer energy from prey to predator","status":"passed","title":"eatOrg should transfer energy from prey to predator","duration":4.216499999999996,"failureMessages":[],"meta":{},"tags":[]},{"ancestorTitles":["biology.js core logic"],"fullName":"biology.js core logic eatOrg should apply toxic defense","status":"passed","title":"eatOrg should apply toxic defense","duration":2.1648999999997613,"failureMessages":[],"meta":{},"tags":[]},{"ancestorTitles":["biology.js core logic"],"fullName":"biology.js core logic killOrg should set dying state and log death","status":"passed","title":"killOrg should set dying state and log death","duration":2.4582000000000335,"failureMessages":[],"meta":{},"tags":[]},{"ancestorTitles":["biology.js core logic"],"fullName":"biology.js core logic doCyst should toggle cyst state","status":"passed","title":"doCyst should toggle cyst state","duration":1.4671000000003005,"failureMessages":[],"meta":{},"tags":[]},{"ancestorTitles":["biology.js core logic"],"fullName":"biology.js core logic updateInfections should cause lysis after duration","status":"passed","title":"updateInfections should cause lysis after duration","duration":1.5548000000003412,"failureMessages":[],"meta":{},"tags":[]},{"ancestorTitles":["biology.js core logic"],"fullName":"biology.js core logic updateViruses should infect targets","status":"passed","title":"updateViruses should infect targets","duration":2.427099999999882,"failureMessages":[],"meta":{},"tags":[]}],"startTime":1785988670416,"endTime":1785988670444.427,"status":"passed","message":"","name":"C:/Obsidian/New/Projects/08-iGraSpore_V2/.04-Src/07-QA-and-Testing/vitest/biology.test.js"},{"assertionResults":[{"ancestorTitles":["Logic functions — comprehensive","ai.js logic"],"fullName":"Logic functions — comprehensive ai.js logic forceEat should kill prey and reward predator","status":"passed","title":"forceEat should kill prey and reward predator","duration":337.12360000000035,"failureMessages":[],"meta":{},"tags":[]},{"ancestorTitles":["Logic functions — comprehensive","ai.js logic"],"fullName":"Logic functions — comprehensive ai.js logic findBestPrey should return nearest edible organism","status":"passed","title":"findBestPrey should return nearest edible organism","duration":306.27440000000024,"failureMessages":[],"meta":{},"tags":[]},{"ancestorTitles":["Logic functions — comprehensive","ai.js logic"],"fullName":"Logic functions — comprehensive ai.js logic turnToward should rotate organism toward target angle","status":"passed","title":"turnToward should rotate organism toward target angle","duration":338.04940000000033,"failureMessages":[],"meta":{},"tags":[]},{"ancestorTitles":["Logic functions — comprehensive","ai.js logic"],"fullName":"Logic functions — comprehensive ai.js logic thrustAlongFacing should apply velocity in facing direction","status":"passed","title":"thrustAlongFacing should apply velocity in facing direction","duration":291.45470000000023,"failureMessages":[],"meta":{},"tags":[]},{"ancestorTitles":["Logic functions — comprehensive","ai.js logic"],"fullName":"Logic functions — comprehensive ai.js logic steerToward should move organism toward a point","status":"passed","title":"steerToward should move organism toward a point","duration":271.89010000000053,"failureMessages":[],"meta":{},"tags":[]},{"ancestorTitles":["Logic functions — comprehensive","ai.js logic"],"fullName":"Logic functions — comprehensive ai.js logic playerAutoAI should not crash and may set player state","status":"passed","title":"playerAutoAI should not crash and may set player state","duration":309.1309000000001,"failureMessages":[],"meta":{},"tags":[]},{"ancestorTitles":["Logic functions — comprehensive","ai.js logic"],"fullName":"Logic functions — comprehensive ai.js logic filterFeedPull should process without crash","status":"passed","title":"filterFeedPull should process without crash","duration":353.45610000000033,"failureMessages":[],"meta":{},"tags":[]},{"ancestorTitles":["Logic functions — comprehensive","ai.js logic"],"fullName":"Logic functions — comprehensive ai.js logic naturalAI should not crash for a producer","status":"failed","title":"naturalAI should not crash for a producer","duration":342.1127999999999,"failureMessages":["AssertionError: expected false to be true // Object.is equality\n    at C:/Obsidian/New/Projects/08-iGraSpore_V2/.04-Src/07-QA-and-Testing/vitest/comprehensive.test.js:240:18\n    at file:///C:/Obsidian/New/Projects/08-iGraSpore_V2/.04-Src/node_modules/@vitest/runner/dist/chunk-artifact.js:302:11\n    at file:///C:/Obsidian/New/Projects/08-iGraSpore_V2/.04-Src/node_modules/@vitest/runner/dist/chunk-artifact.js:1903:26\n    at file:///C:/Obsidian/New/Projects/08-iGraSpore_V2/.04-Src/node_modules/@vitest/runner/dist/chunk-artifact.js:2326:20\n    at new Promise (<anonymous>)\n    at runWithCancel (file:///C:/Obsidian/New/Projects/08-iGraSpore_V2/.04-Src/node_modules/@vitest/runner/dist/chunk-artifact.js:2323:10)\n    at file:///C:/Obsidian/New/Projects/08-iGraSpore_V2/.04-Src/node_modules/@vitest/runner/dist/chunk-artifact.js:2305:20\n    at new Promise (<anonymous>)\n    at runWithTimeout (file:///C:/Obsidian/New/Projects/08-iGraSpore_V2/.04-Src/node_modules/@vitest/runner/dist/chunk-artifact.js:2272:10)\n    at file:///C:/Obsidian/New/Projects/08-iGraSpore_V2/.04-Src/node_modules/@vitest/runner/dist/chunk-artifact.js:2955:64"],"meta":{},"tags":[]},{"ancestorTitles":["Logic functions — comprehensive","biology.js logic"],"fullName":"Logic functions — comprehensive biology.js logic canDivide should return true when requirements met","status":"passed","title":"canDivide should return true when requirements met","duration":284.83350000000064,"failureMessages":[],"meta":{},"tags":[]},{"ancestorTitles":["Logic functions — comprehensive","biology.js logic"],"fullName":"Logic functions — comprehensive biology.js logic divideBlockReason should return string or null","status":"passed","title":"divideBlockReason should return string or null","duration":273.1199999999999,"failureMessages":[],"meta":{},"tags":[]},{"ancestorTitles":["Logic functions — comprehensive","biology.js logic"],"fullName":"Logic functions — comprehensive biology.js logic spawnVirus should add a virus to the world","status":"passed","title":"spawnVirus should add a virus to the world","duration":358.1758,"failureMessages":[],"meta":{},"tags":[]},{"ancestorTitles":["Logic functions — comprehensive","config.js logic"],"fullName":"Logic functions — comprehensive config.js logic tt should return a translated string","status":"passed","title":"tt should return a translated string","duration":300.2006999999994,"failureMessages":[],"meta":{},"tags":[]},{"ancestorTitles":["Logic functions — comprehensive","config.js logic"],"fullName":"Logic functions — comprehensive config.js logic mkSp should create a species object","status":"passed","title":"mkSp should create a species object","duration":357.2519999999995,"failureMessages":[],"meta":{},"tags":[]},{"ancestorTitles":["Logic functions — comprehensive","config.js logic"],"fullName":"Logic functions — comprehensive config.js logic lightAt should return light level for depth","status":"passed","title":"lightAt should return light level for depth","duration":323.1693000000005,"failureMessages":[],"meta":{},"tags":[]},{"ancestorTitles":["Logic functions — comprehensive","config.js logic"],"fullName":"Logic functions — comprehensive config.js logic halfW should return half canvas width","status":"passed","title":"halfW should return half canvas width","duration":320.7385999999997,"failureMessages":[],"meta":{},"tags":[]},{"ancestorTitles":["Logic functions — comprehensive","config.js logic"],"fullName":"Logic functions — comprehensive config.js logic bioFlags should return flags object","status":"passed","title":"bioFlags should return flags object","duration":317.79739999999947,"failureMessages":[],"meta":{},"tags":[]},{"ancestorTitles":["Logic functions — comprehensive","config.js logic"],"fullName":"Logic functions — comprehensive config.js logic getLocomotion should return a locomotion type","status":"passed","title":"getLocomotion should return a locomotion type","duration":334.1866,"failureMessages":[],"meta":{},"tags":[]},{"ancestorTitles":["Logic functions — comprehensive","render functions no-crash"],"fullName":"Logic functions — comprehensive render functions no-crash render() function exists and is callable","status":"passed","title":"render() function exists and is callable","duration":299.83649999999943,"failureMessages":[],"meta":{},"tags":[]},{"ancestorTitles":["Logic functions — comprehensive","render functions no-crash"],"fullName":"Logic functions — comprehensive render functions no-crash drawOneLilypad should render a lilypad","status":"passed","title":"drawOneLilypad should render a lilypad","duration":348.11279999999897,"failureMessages":[],"meta":{},"tags":[]}],"startTime":1785988670360,"endTime":1785988676429.1128,"status":"failed","message":"","name":"C:/Obsidian/New/Projects/08-iGraSpore_V2/.04-Src/07-QA-and-Testing/vitest/comprehensive.test.js"},{"assertionResults":[{"ancestorTitles":["Locomotion System"],"fullName":"Locomotion System should initialize correctly","status":"passed","title":"should initialize correctly","duration":2.7570999999998094,"failureMessages":[],"meta":{},"tags":[]},{"ancestorTitles":["Locomotion System"],"fullName":"Locomotion System should start and stop","status":"passed","title":"should start and stop","duration":0.49719999999979336,"failureMessages":[],"meta":{},"tags":[]},{"ancestorTitles":["Locomotion System"],"fullName":"Locomotion System getVelocity reflects active state","status":"passed","title":"getVelocity reflects active state","duration":0.4377999999996973,"failureMessages":[],"meta":{},"tags":[]}],"startTime":1785988670409,"endTime":1785988670413.4377,"status":"passed","message":"","name":"C:/Obsidian/New/Projects/08-iGraSpore_V2/.04-Src/07-QA-and-Testing/vitest/locomotion.test.js"},{"assertionResults":[],"startTime":1785988667530,"endTime":1785988667530,"status":"failed","message":"CanvasRenderingContext2D is not defined","name":"C:/Obsidian/New/Projects/08-iGraSpore_V2/.04-Src/07-QA-and-Testing/vitest/math.test.js"},{"assertionResults":[],"startTime":1785988667530,"endTime":1785988667530,"status":"failed","message":"CanvasRenderingContext2D is not defined","name":"C:/Obsidian/New/Projects/08-iGraSpore_V2/.04-Src/07-QA-and-Testing/vitest/render.test.js"},{"assertionResults":[],"startTime":1785988667530,"endTime":1785988667530,"status":"failed","message":"CanvasRenderingContext2D is not defined","name":"C:/Obsidian/New/Projects/08-iGraSpore_V2/.04-Src/07-QA-and-Testing/vitest/ui.test.js"},{"assertionResults":[],"startTime":1785988667530,"endTime":1785988667530,"status":"failed","message":"CanvasRenderingContext2D is not defined","name":"C:/Obsidian/New/Projects/08-iGraSpore_V2/.04-Src/07-QA-and-Testing/vitest/world.test.js"}]}